# JRE version: OpenJDK Runtime Environment (8.0_275-b01) (build 1.8.0_275-b01)
# Java VM: OpenJDK 64-Bit Server VM (25.275-b01 mixed mode windows-amd64 compressed oops)
Heap:
 PSYoungGen      total 72192K, used 42671K [0x00000000d5f80000, 0x00000000dd300000, 0x0000000100000000)
  eden space 63488K, 53% used [0x00000000d5f80000,0x00000000d80ae630,0x00000000d9d80000)
  from space 8704K, 99% used [0x00000000da900000,0x00000000db17d970,0x00000000db180000)
  to   space 11776K, 0% used [0x00000000d9d80000,0x00000000d9d80000,0x00000000da900000)
 ParOldGen       total 68608K, used 16438K [0x0000000081e00000, 0x0000000086100000, 0x00000000d5f80000)
  object space 68608K, 23% used [0x0000000081e00000,0x0000000082e0d8f8,0x0000000086100000)
 Metaspace       used 23601K, capacity 24156K, committed 24368K, reserved 1071104K
  class space    used 2728K, capacity 2862K, committed 2864K, reserved 1048576K
GC Heap History (10 events):
Event: 3.938 GC heap before
{Heap before GC invocations=5 (full 0):
 PSYoungGen      total 38400K, used 38368K [0x00000000d5f80000, 0x00000000daa80000, 0x0000000100000000)
  eden space 33280K, 100% used [0x00000000d5f80000,0x00000000d8000000,0x00000000d8000000)
  from space 5120K, 99% used [0x00000000d8500000,0x00000000d89f8040,0x00000000d8a00000)
  to   space 5120K, 0% used [0x00000000d8000000,0x00000000d8000000,0x00000000d8500000)
 ParOldGen       total 87552K, used 6553K [0x0000000081e00000, 0x0000000087380000, 0x00000000d5f80000)
  object space 87552K, 7% used [0x0000000081e00000,0x00000000824666f0,0x0000000087380000)
 Metaspace       used 16090K, capacity 16382K, committed 16640K, reserved 1064960K
  class space    used 1878K, capacity 1983K, committed 2048K, reserved 1048576K
Event: 3.958 GC heap after
Heap after GC invocations=5 (full 0):
 PSYoungGen      total 38400K, used 5088K [0x00000000d5f80000, 0x00000000db180000, 0x0000000100000000)
  eden space 33280K, 0% used [0x00000000d5f80000,0x00000000d5f80000,0x00000000d8000000)
  from space 5120K, 99% used [0x00000000d8000000,0x00000000d84f8020,0x00000000d8500000)
  to   space 8704K, 0% used [0x00000000da900000,0x00000000da900000,0x00000000db180000)
 ParOldGen       total 87552K, used 8429K [0x0000000081e00000, 0x0000000087380000, 0x00000000d5f80000)
  object space 87552K, 9% used [0x0000000081e00000,0x000000008263b778,0x0000000087380000)
 Metaspace       used 16090K, capacity 16382K, committed 16640K, reserved 1064960K
  class space    used 1878K, capacity 1983K, committed 2048K, reserved 1048576K
}
Event: 5.244 GC heap before
{Heap before GC invocations=6 (full 0):
 PSYoungGen      total 38400K, used 38368K [0x00000000d5f80000, 0x00000000db180000, 0x0000000100000000)
  eden space 33280K, 100% used [0x00000000d5f80000,0x00000000d8000000,0x00000000d8000000)
  from space 5120K, 99% used [0x00000000d8000000,0x00000000d84f8020,0x00000000d8500000)
  to   space 8704K, 0% used [0x00000000da900000,0x00000000da900000,0x00000000db180000)
 ParOldGen       total 87552K, used 8429K [0x0000000081e00000, 0x0000000087380000, 0x00000000d5f80000)
  object space 87552K, 9% used [0x0000000081e00000,0x000000008263b778,0x0000000087380000)
 Metaspace       used 16872K, capacity 17298K, committed 17408K, reserved 1064960K
  class space    used 1950K, capacity 2030K, committed 2048K, reserved 1048576K
Event: 5.261 GC heap after
Heap after GC invocations=6 (full 0):
 PSYoungGen      total 75264K, used 7408K [0x00000000d5f80000, 0x00000000db180000, 0x0000000100000000)
  eden space 66560K, 0% used [0x00000000d5f80000,0x00000000d5f80000,0x00000000da080000)
  from space 8704K, 85% used [0x00000000da900000,0x00000000db03c030,0x00000000db180000)
  to   space 8704K, 0% used [0x00000000da080000,0x00000000da080000,0x00000000da900000)
 ParOldGen       total 87552K, used 8429K [0x0000000081e00000, 0x0000000087380000, 0x00000000d5f80000)
  object space 87552K, 9% used [0x0000000081e00000,0x000000008263b778,0x0000000087380000)
 Metaspace       used 16872K, capacity 17298K, committed 17408K, reserved 1064960K
  class space    used 1950K, capacity 2030K, committed 2048K, reserved 1048576K
}
Event: 6.998 GC heap before
{Heap before GC invocations=7 (full 0):
 PSYoungGen      total 75264K, used 52519K [0x00000000d5f80000, 0x00000000db180000, 0x0000000100000000)
  eden space 66560K, 67% used [0x00000000d5f80000,0x00000000d8b8dda0,0x00000000da080000)
  from space 8704K, 85% used [0x00000000da900000,0x00000000db03c030,0x00000000db180000)
  to   space 8704K, 0% used [0x00000000da080000,0x00000000da080000,0x00000000da900000)
 ParOldGen       total 87552K, used 8429K [0x0000000081e00000, 0x0000000087380000, 0x00000000d5f80000)
  object space 87552K, 9% used [0x0000000081e00000,0x000000008263b778,0x0000000087380000)
 Metaspace       used 20781K, capacity 21190K, committed 21296K, reserved 1069056K
  class space    used 2453K, capacity 2561K, committed 2608K, reserved 1048576K
Event: 7.018 GC heap after
Heap after GC invocations=7 (full 0):
 PSYoungGen      total 75264K, used 8698K [0x00000000d5f80000, 0x00000000db180000, 0x0000000100000000)
  eden space 66560K, 0% used [0x00000000d5f80000,0x00000000d5f80000,0x00000000da080000)
  from space 8704K, 99% used [0x00000000da080000,0x00000000da8fea98,0x00000000da900000)
  to   space 8704K, 0% used [0x00000000da900000,0x00000000da900000,0x00000000db180000)
 ParOldGen       total 87552K, used 10090K [0x0000000081e00000, 0x0000000087380000, 0x00000000d5f80000)
  object space 87552K, 11% used [0x0000000081e00000,0x00000000827da888,0x0000000087380000)
 Metaspace       used 20781K, capacity 21190K, committed 21296K, reserved 1069056K
  class space    used 2453K, capacity 2561K, committed 2608K, reserved 1048576K
}
Event: 7.018 GC heap before
{Heap before GC invocations=8 (full 1):
 PSYoungGen      total 75264K, used 8698K [0x00000000d5f80000, 0x00000000db180000, 0x0000000100000000)
  eden space 66560K, 0% used [0x00000000d5f80000,0x00000000d5f80000,0x00000000da080000)
  from space 8704K, 99% used [0x00000000da080000,0x00000000da8fea98,0x00000000da900000)
  to   space 8704K, 0% used [0x00000000da900000,0x00000000da900000,0x00000000db180000)
 ParOldGen       total 87552K, used 10090K [0x0000000081e00000, 0x0000000087380000, 0x00000000d5f80000)
  object space 87552K, 11% used [0x0000000081e00000,0x00000000827da888,0x0000000087380000)
 Metaspace       used 20781K, capacity 21190K, committed 21296K, reserved 1069056K
  class space    used 2453K, capacity 2561K, committed 2608K, reserved 1048576K
Event: 7.139 GC heap after
Heap after GC invocations=8 (full 1):
 PSYoungGen      total 75264K, used 0K [0x00000000d5f80000, 0x00000000db180000, 0x0000000100000000)
  eden space 66560K, 0% used [0x00000000d5f80000,0x00000000d5f80000,0x00000000da080000)
  from space 8704K, 0% used [0x00000000da080000,0x00000000da080000,0x00000000da900000)
  to   space 8704K, 0% used [0x00000000da900000,0x00000000da900000,0x00000000db180000)
 ParOldGen       total 68608K, used 13678K [0x0000000081e00000, 0x0000000086100000, 0x00000000d5f80000)
  object space 68608K, 19% used [0x0000000081e00000,0x0000000082b5ba18,0x0000000086100000)
 Metaspace       used 20781K, capacity 21190K, committed 21296K, reserved 1069056K
  class space    used 2453K, capacity 2561K, committed 2608K, reserved 1048576K
}
Event: 8.345 GC heap before
{Heap before GC invocations=9 (full 1):
 PSYoungGen      total 75264K, used 66560K [0x00000000d5f80000, 0x00000000db180000, 0x0000000100000000)
  eden space 66560K, 100% used [0x00000000d5f80000,0x00000000da080000,0x00000000da080000)
  from space 8704K, 0% used [0x00000000da080000,0x00000000da080000,0x00000000da900000)
  to   space 8704K, 0% used [0x00000000da900000,0x00000000da900000,0x00000000db180000)
 ParOldGen       total 68608K, used 13678K [0x0000000081e00000, 0x0000000086100000, 0x00000000d5f80000)
  object space 68608K, 19% used [0x0000000081e00000,0x0000000082b5ba18,0x0000000086100000)
 Metaspace       used 22275K, capacity 22758K, committed 22960K, reserved 1069056K
  class space    used 2593K, capacity 2721K, committed 2736K, reserved 1048576K
Event: 8.354 GC heap after
Heap after GC invocations=9 (full 1):
 PSYoungGen      total 72192K, used 8694K [0x00000000d5f80000, 0x00000000dd300000, 0x0000000100000000)
  eden space 63488K, 0% used [0x00000000d5f80000,0x00000000d5f80000,0x00000000d9d80000)
  from space 8704K, 99% used [0x00000000da900000,0x00000000db17d970,0x00000000db180000)
  to   space 11776K, 0% used [0x00000000d9d80000,0x00000000d9d80000,0x00000000da900000)
 ParOldGen       total 68608K, used 16438K [0x0000000081e00000, 0x0000000086100000, 0x00000000d5f80000)
  object space 68608K, 23% used [0x0000000081e00000,0x0000000082e0d8f8,0x0000000086100000)
 Metaspace       used 22275K, capacity 22758K, committed 22960K, reserved 1069056K
  class space    used 2593K, capacity 2721K, committed 2736K, reserved 1048576K
}

